-------------------------------------------------------------------------------
Test set: ShapeTest
-------------------------------------------------------------------------------
Tests run: 2, Failures: 1, Errors: 0, Skipped: 0, Time elapsed: 0.169 sec <<< FAILURE! - in ShapeTest
ShapeByNumberTest  Time elapsed: 0.136 sec  <<< FAILURE!
org.opentest4j.AssertionFailedError: expected: <java.awt.Color[r=255,g=0,b=0]> but was: <null>
	at ShapeTest.ShapeByNumberTest(ShapeTest.java:10)

